TN:
SF:src/lib/telemetry.js
FN:14,mapBackendSystem
FN:19,summarizeAnomaly
FN:34,summarizeRecovery
FN:42,summarizeProcessLog
FN:53,buildTelemetryEntry
FN:79,isSideChannelPayload
FNF:6
FNH:0
FNDA:0,mapBackendSystem
FNDA:0,summarizeAnomaly
FNDA:0,summarizeRecovery
FNDA:0,summarizeProcessLog
FNDA:0,buildTelemetryEntry
FNDA:0,isSideChannelPayload
DA:8,1
DA:15,0
DA:16,0
DA:20,0
DA:21,0
DA:22,0
DA:23,0
DA:24,0
DA:26,0
DA:27,0
DA:28,0
DA:29,0
DA:30,0
DA:31,0
DA:35,0
DA:36,0
DA:37,0
DA:38,0
DA:39,0
DA:43,0
DA:44,0
DA:45,0
DA:46,0
DA:47,0
DA:54,0
DA:55,0
DA:56,0
DA:59,0
DA:67,0
DA:69,0
DA:80,0
DA:81,0
LF:32
LH:1
BRDA:15,0,0,0
BRDA:15,0,1,0
BRDA:15,1,0,0
BRDA:15,1,1,0
BRDA:16,2,0,0
BRDA:16,2,1,0
BRDA:20,3,0,0
BRDA:20,3,1,0
BRDA:20,4,0,0
BRDA:20,4,1,0
BRDA:21,5,0,0
BRDA:21,5,1,0
BRDA:22,6,0,0
BRDA:22,6,1,0
BRDA:23,7,0,0
BRDA:23,7,1,0
BRDA:24,8,0,0
BRDA:24,8,1,0
BRDA:26,9,0,0
BRDA:26,9,1,0
BRDA:26,10,0,0
BRDA:26,10,1,0
BRDA:27,11,0,0
BRDA:27,11,1,0
BRDA:27,12,0,0
BRDA:27,12,1,0
BRDA:28,13,0,0
BRDA:28,13,1,0
BRDA:29,14,0,0
BRDA:29,14,1,0
BRDA:30,15,0,0
BRDA:30,15,1,0
BRDA:35,16,0,0
BRDA:35,16,1,0
BRDA:35,17,0,0
BRDA:35,17,1,0
BRDA:36,18,0,0
BRDA:36,18,1,0
BRDA:37,19,0,0
BRDA:37,19,1,0
BRDA:38,20,0,0
BRDA:38,20,1,0
BRDA:43,21,0,0
BRDA:43,21,1,0
BRDA:43,22,0,0
BRDA:43,22,1,0
BRDA:44,23,0,0
BRDA:44,23,1,0
BRDA:45,24,0,0
BRDA:45,24,1,0
BRDA:46,25,0,0
BRDA:46,25,1,0
BRDA:47,26,0,0
BRDA:47,26,1,0
BRDA:56,27,0,0
BRDA:56,27,1,0
BRDA:59,28,0,0
BRDA:59,28,1,0
BRDA:61,29,0,0
BRDA:61,29,1,0
BRDA:63,30,0,0
BRDA:63,30,1,0
BRDA:81,31,0,0
BRDA:81,31,1,0
BRDA:81,31,2,0
BRF:65
BRH:0
end_of_record
TN:
SF:src/lib/useRealtimeEvents.js
FN:42,useRealtimeEvents
FN:46,(anonymous_1)
FN:66,(anonymous_2)
FN:70,(anonymous_3)
FN:87,(anonymous_4)
FN:95,(anonymous_5)
FN:114,(anonymous_6)
FN:119,(anonymous_7)
FN:130,(anonymous_8)
FN:230,(anonymous_9)
FN:238,(anonymous_10)
FN:254,prependUnique
FN:257,(anonymous_12)
FN:261,scenarioEventKey
FN:274,honeypotActivityKey
FN:285,honeypotAnalysisKey
FNF:16
FNH:5
FNDA:0,useRealtimeEvents
FNDA:0,(anonymous_1)
FNDA:0,(anonymous_2)
FNDA:0,(anonymous_3)
FNDA:0,(anonymous_4)
FNDA:0,(anonymous_5)
FNDA:0,(anonymous_6)
FNDA:0,(anonymous_7)
FNDA:0,(anonymous_8)
FNDA:0,(anonymous_9)
FNDA:0,(anonymous_10)
FNDA:10,prependUnique
FNDA:12,(anonymous_12)
FNDA:3,scenarioEventKey
FNDA:5,honeypotActivityKey
FNDA:14,honeypotAnalysisKey
DA:46,0
DA:58,0
DA:61,0
DA:62,0
DA:63,0
DA:64,0
DA:66,0
DA:67,0
DA:70,0
DA:71,0
DA:72,0
DA:73,0
DA:74,0
DA:76,0
DA:77,0
DA:78,0
DA:80,0
DA:82,0
DA:87,0
DA:88,0
DA:89,0
DA:90,0
DA:91,0
DA:95,0
DA:96,0
DA:99,0
DA:100,0
DA:103,0
DA:104,0
DA:105,0
DA:106,0
DA:108,0
DA:112,0
DA:114,0
DA:115,0
DA:116,0
DA:119,0
DA:121,0
DA:122,0
DA:125,0
DA:126,0
DA:128,0
DA:130,0
DA:131,0
DA:132,0
DA:133,0
DA:134,0
DA:135,0
DA:136,0
DA:138,0
DA:139,0
DA:140,0
DA:141,0
DA:144,0
DA:145,0
DA:146,0
DA:154,0
DA:155,0
DA:157,0
DA:163,0
DA:164,0
DA:165,0
DA:173,0
DA:174,0
DA:175,0
DA:183,0
DA:191,0
DA:194,0
DA:195,0
DA:205,0
DA:206,0
DA:210,0
DA:230,0
DA:234,0
DA:235,0
DA:238,0
DA:239,0
DA:240,0
DA:242,0
DA:243,0
DA:247,0
DA:248,0
DA:251,0
DA:255,10
DA:256,10
DA:257,12
DA:258,8
DA:262,3
DA:263,3
DA:275,5
DA:276,5
DA:286,14
DA:287,14
LF:93
LH:10
BRDA:42,0,0,0
BRDA:43,1,0,0
BRDA:44,2,0,0
BRDA:72,3,0,0
BRDA:72,3,1,0
BRDA:76,4,0,0
BRDA:76,4,1,0
BRDA:88,5,0,0
BRDA:88,5,1,0
BRDA:96,6,0,0
BRDA:96,6,1,0
BRDA:128,7,0,0
BRDA:128,7,1,0
BRDA:128,8,0,0
BRDA:128,8,1,0
BRDA:138,9,0,0
BRDA:138,9,1,0
BRDA:139,10,0,0
BRDA:139,10,1,0
BRDA:144,11,0,0
BRDA:144,11,1,0
BRDA:145,12,0,0
BRDA:145,12,1,0
BRDA:154,13,0,0
BRDA:154,13,1,0
BRDA:155,14,0,0
BRDA:155,14,1,0
BRDA:163,15,0,0
BRDA:163,15,1,0
BRDA:164,16,0,0
BRDA:164,16,1,0
BRDA:173,17,0,0
BRDA:173,17,1,0
BRDA:174,18,0,0
BRDA:174,18,1,0
BRDA:183,19,0,0
BRDA:183,19,1,0
BRDA:184,20,0,0
BRDA:184,20,1,0
BRDA:184,20,2,0
BRDA:184,20,3,0
BRDA:184,20,4,0
BRDA:184,20,5,0
BRDA:194,21,0,0
BRDA:194,21,1,0
BRDA:205,22,0,0
BRDA:205,22,1,0
BRDA:206,23,0,0
BRDA:206,23,1,0
BRDA:212,24,0,0
BRDA:212,24,1,0
BRDA:214,25,0,0
BRDA:214,25,1,0
BRDA:217,26,0,0
BRDA:217,26,1,0
BRDA:220,27,0,0
BRDA:220,27,1,0
BRDA:235,28,0,0
BRDA:235,28,1,0
BRDA:240,29,0,0
BRDA:240,29,1,0
BRDA:242,30,0,0
BRDA:242,30,1,0
BRDA:256,31,0,0
BRDA:256,31,1,10
BRDA:257,32,0,2
BRDA:257,32,1,8
BRDA:262,33,0,0
BRDA:262,33,1,3
BRDA:264,34,0,3
BRDA:264,34,1,0
BRDA:265,35,0,3
BRDA:265,35,1,0
BRDA:266,36,0,3
BRDA:266,36,1,0
BRDA:267,37,0,3
BRDA:267,37,1,0
BRDA:268,38,0,3
BRDA:268,38,1,0
BRDA:269,39,0,3
BRDA:269,39,1,0
BRDA:270,40,0,3
BRDA:270,40,1,0
BRDA:275,41,0,0
BRDA:275,41,1,5
BRDA:277,42,0,5
BRDA:277,42,1,0
BRDA:278,43,0,5
BRDA:278,43,1,0
BRDA:279,44,0,5
BRDA:279,44,1,0
BRDA:280,45,0,5
BRDA:280,45,1,0
BRDA:281,46,0,5
BRDA:281,46,1,0
BRDA:286,47,0,0
BRDA:286,47,1,14
BRDA:288,48,0,14
BRDA:288,48,1,0
BRDA:289,49,0,14
BRDA:289,49,1,0
BRDA:290,50,0,14
BRDA:290,50,1,0
BRDA:291,51,0,14
BRDA:291,51,1,0
BRDA:292,52,0,14
BRDA:292,52,1,0
BRDA:293,53,0,14
BRDA:293,53,1,0
BRF:109
BRH:24
end_of_record
TN:
SF:src/lib/wsValidators.js
FN:1,isObject
FN:5,isString
FN:9,isNumber
FN:13,isValidScenarioEvent
FN:25,isValidSystemUpdate
FN:41,isValidHoneypotActivity
FN:54,isValidHoneypotAnalysis
FN:68,isValidPipelinePayload
FNF:8
FNH:8
FNDA:9,isObject
FNDA:14,isString
FNDA:1,isNumber
FNDA:1,isValidScenarioEvent
FNDA:1,isValidSystemUpdate
FNDA:1,isValidHoneypotActivity
FNDA:1,isValidHoneypotAnalysis
FNDA:2,isValidPipelinePayload
DA:2,9
DA:6,14
DA:10,1
DA:14,1
DA:15,1
DA:26,1
DA:27,1
DA:28,1
DA:29,1
DA:42,1
DA:43,1
DA:55,1
DA:56,1
DA:69,2
DA:70,2
LF:15
LH:15
BRDA:2,0,0,9
BRDA:2,0,1,9
BRDA:2,0,2,9
BRDA:10,1,0,1
BRDA:10,1,1,0
BRDA:14,2,0,0
BRDA:14,2,1,1
BRDA:14,3,0,1
BRDA:14,3,1,1
BRDA:16,4,0,1
BRDA:16,4,1,1
BRDA:16,4,2,1
BRDA:16,4,3,1
BRDA:16,4,4,1
BRDA:16,4,5,1
BRDA:26,5,0,0
BRDA:26,5,1,1
BRDA:26,6,0,1
BRDA:26,6,1,1
BRDA:27,7,0,0
BRDA:27,7,1,1
BRDA:27,8,0,1
BRDA:27,8,1,1
BRDA:30,9,0,1
BRDA:30,9,1,0
BRDA:30,9,2,0
BRDA:30,9,3,0
BRDA:30,9,4,0
BRDA:30,9,5,0
BRDA:30,9,6,0
BRDA:30,9,7,0
BRDA:42,10,0,0
BRDA:42,10,1,1
BRDA:42,11,0,1
BRDA:42,11,1,1
BRDA:44,12,0,1
BRDA:44,12,1,1
BRDA:44,12,2,1
BRDA:44,12,3,1
BRDA:44,12,4,1
BRDA:44,12,5,1
BRDA:44,12,6,1
BRDA:55,13,0,0
BRDA:55,13,1,1
BRDA:55,14,0,1
BRDA:55,14,1,1
BRDA:57,15,0,1
BRDA:57,15,1,1
BRDA:57,15,2,1
BRDA:57,15,3,1
BRDA:57,15,4,1
BRDA:57,15,5,1
BRDA:57,15,6,1
BRDA:57,15,7,1
BRDA:69,16,0,0
BRDA:69,16,1,2
BRDA:70,17,0,2
BRDA:70,17,1,2
BRDA:70,17,2,1
BRF:59
BRH:45
end_of_record
